<?xml version="1.0" encoding="UTF-8"?>
<testsuite xmlns:xsi="http://www.w3.org/2001/XMLSchema-instance" xsi:noNamespaceSchemaLocation="https://maven.apache.org/surefire/maven-surefire-plugin/xsd/surefire-test-report.xsd" name="com.mq.dbproject.TableControllerTest" time="1.717" tests="6" errors="0" skipped="0" failures="0">
  <properties>
[...]
</properties>
  <testcase name="testDisplayTable" classname="com.mq.dbproject.TableControllerTest" time="0.087"/>
  <testcase name="testUpdateRow" classname="com.mq.dbproject.TableControllerTest" time="0.021"/>
  <testcase name="testDeleteRowFailure" classname="com.mq.dbproject.TableControllerTest" time="0"/>
  <testcase name="testInsertRow" classname="com.mq.dbproject.TableControllerTest" time="0"/>
  <testcase name="testDeleteRow" classname="com.mq.dbproject.TableControllerTest" time="0.005"/>
  <testcase name="testTableNotFound" classname="com.mq.dbproject.TableControllerTest" time="0"/>
</testsuite>